Array
(
    [_csrf-frontend] => Pd0NLaxJznx3WG5WQ250b_zpUsCLE14bL7l7oAGEoIV-im8YwRP3NycMFxMkHyAqmtkhqtxhK28dihjLc_H3ww==
    [BuyAccounts] => Array
        (
            [email] => asd@asd.asd
            [pay_method] => Webmoney_EUR
            [promo_code] => 
            [accept_1] => 1
            [accept_2] => 1
            [productId] => 219
            [quantity] => 5
            [productName] => Яндекс
            [partner_id] => 0
        )

)
Array
(
    [PHPRC] => /home/new/fcgi-bin/../etc/php5
    [SCRIPT_FILENAME] => /home/new/public_html/frontend/web/index.php
    [PATH] => /usr/local/sbin:/usr/local/bin:/usr/sbin:/usr/bin:/sbin:/bin
    [PWD] => /home/new/fcgi-bin
    [SHLVL] => 0
    [PHP_FCGI_MAX_REQUESTS] => 99999
    [SCRIPT_NAME] => /frontend/web/index.php
    [REQUEST_URI] => /ru/pay
    [QUERY_STRING] => 
    [REQUEST_METHOD] => POST
    [SERVER_PROTOCOL] => HTTP/1.1
    [GATEWAY_INTERFACE] => CGI/1.1
    [REDIRECT_URL] => /frontend/web/ru/pay
    [REMOTE_PORT] => 38308
    [SERVER_ADMIN] => [no address given]
    [CONTEXT_DOCUMENT_ROOT] => /home/new/public_html
    [CONTEXT_PREFIX] => 
    [REQUEST_SCHEME] => http
    [DOCUMENT_ROOT] => /home/new/public_html
    [REMOTE_ADDR] => 178.150.239.95
    [SERVER_PORT] => 80
    [SERVER_ADDR] => 176.112.217.118
    [SERVER_NAME] => new.stockaccs.com
    [SERVER_SOFTWARE] => Apache/2.4.10
    [SERVER_SIGNATURE] => 
    [HTTP_CACHE_CONTROL] => max-age=0
    [HTTP_UPGRADE_INSECURE_REQUESTS] => 1
    [HTTP_CONNECTION] => close
    [HTTP_COOKIE] => _ga=GA1.2.252270076.1508434415; _ym_uid=1508434416455869122; jv_visits_count_hYcmqQdx4B=1; _identity-frontend=0f0f2441790274c703cfbcfd614e95f46b39b9afd7e59a73f8141d35ead51cc2a%3A2%3A%7Bi%3A0%3Bs%3A18%3A%22_identity-frontend%22%3Bi%3A1%3Bs%3A48%3A%22%5B165%2C%221uZLUWkKGEwjDr8bN7rymAka4nqxU7FM%22%2C2592000%5D%22%3B%7D; _identity-backend=11076f89af9e7656690c74e96d1b57b54c9263d79b116653f0d23842e960a325a%3A2%3A%7Bi%3A0%3Bs%3A17%3A%22_identity-backend%22%3Bi%3A1%3Bs%3A21%3A%22%5B5%2C%222592000%22%2C2592000%5D%22%3B%7D; advanced-frontend=4tnqpen8r02rj9iborijeb0vt2; _csrf-frontend=dd23e770c0dd8abd0af4d4042ef8b8f092fb2de2710a2680722ca7054c08806ea%3A2%3A%7Bi%3A0%3Bs%3A14%3A%22_csrf-frontend%22%3Bi%3A1%3Bs%3A32%3A%22CWb5mZ9KPTyEgqTEf0sjWrut23ckruWF%22%3B%7D; jv_enter_ts_hYcmqQdx4B=1513348229238; jv_utm_hYcmqQdx4B=; jv_pages_count_hYcmqQdx4B=1; jv_startsec_hYcmqQdx4B=1513348230; advanced-backend=ov48hsc29q3fgbo58oqv63aja7; _csrf-backend=231541dea3cc5a0b8091a8140dbd9e9e3fecc181624df9d556e3f00d91d52a8ca%3A2%3A%7Bi%3A0%3Bs%3A13%3A%22_csrf-backend%22%3Bi%3A1%3Bs%3A32%3A%22%C5%8F%7E%D5%04%DF%0E%13Q%BB%19%0E%08t%CD%E7y%0E%B7R%15%B9%2F%E4%92%98%865%9A%DF%B7Z%22%3B%7D; _gid=GA1.2.1520681581.1515419409; _ym_visorc_44528431=w; _ym_isad=2
    [CONTENT_LENGTH] => 481
    [CONTENT_TYPE] => application/x-www-form-urlencoded
    [HTTP_REFERER] => http://new.stockaccs.com/ru/buyakkaynt
    [HTTP_ACCEPT_ENCODING] => gzip, deflate
    [HTTP_ACCEPT_LANGUAGE] => ru-RU,ru;q=0.8,en-US;q=0.5,en;q=0.3
    [HTTP_ACCEPT] => text/html,application/xhtml+xml,application/xml;q=0.9,*/*;q=0.8
    [HTTP_USER_AGENT] => Mozilla/5.0 (Windows NT 10.0; Win64; x64; rv:58.0) Gecko/20100101 Firefox/58.0
    [HTTP_HOST] => new.stockaccs.com
    [SCRIPT_URI] => http://new.stockaccs.com/ru/pay
    [SCRIPT_URL] => /ru/pay
    [REDIRECT_STATUS] => 200
    [REDIRECT_SCRIPT_URI] => http://new.stockaccs.com/ru/pay
    [REDIRECT_SCRIPT_URL] => /ru/pay
    [REDIRECT_REDIRECT_STATUS] => 200
    [REDIRECT_REDIRECT_SCRIPT_URI] => http://new.stockaccs.com/ru/pay
    [REDIRECT_REDIRECT_SCRIPT_URL] => /ru/pay
    [FCGI_ROLE] => RESPONDER
    [PHP_SELF] => /frontend/web/index.php
    [REQUEST_TIME_FLOAT] => 1515421034.0203
    [REQUEST_TIME] => 1515421034
)
Array
(
    [_csrf-frontend] => N96Ut3wYM6QWWY44qa3bDM6pM-sXT6OYHK1cQ4ylbSGNhtFMDC6IXiunHdfK3t3kUtcJXjC9sM7fqf_fFu6CyQ==
    [BuyAccounts] => Array
        (
            [email] => xxx@xxx.com
            [pay_method] => Webmoney_RUB
            [promo_code] => 
            [accept_1] => 1
            [accept_2] => 1
            [productId] => 219
            [quantity] => 10
            [productName] => Яндекс
            [partner_id] => 165
        )

)
Array
(
    [PHPRC] => /home/new/fcgi-bin/../etc/php5
    [SCRIPT_FILENAME] => /home/new/public_html/frontend/web/index.php
    [PATH] => /usr/local/sbin:/usr/local/bin:/usr/sbin:/usr/bin:/sbin:/bin
    [PWD] => /home/new/fcgi-bin
    [SHLVL] => 0
    [PHP_FCGI_MAX_REQUESTS] => 99999
    [SCRIPT_NAME] => /frontend/web/index.php
    [REQUEST_URI] => /ru/pay
    [QUERY_STRING] => 
    [REQUEST_METHOD] => POST
    [SERVER_PROTOCOL] => HTTP/1.1
    [GATEWAY_INTERFACE] => CGI/1.1
    [REDIRECT_URL] => /frontend/web/ru/pay
    [REMOTE_PORT] => 60241
    [SERVER_ADMIN] => [no address given]
    [CONTEXT_DOCUMENT_ROOT] => /home/new/public_html
    [CONTEXT_PREFIX] => 
    [REQUEST_SCHEME] => http
    [DOCUMENT_ROOT] => /home/new/public_html
    [REMOTE_ADDR] => 178.150.239.95
    [SERVER_PORT] => 80
    [SERVER_ADDR] => 176.112.217.118
    [SERVER_NAME] => new.stockaccs.com
    [SERVER_SOFTWARE] => Apache/2.4.10
    [SERVER_SIGNATURE] => 
    [HTTP_UPGRADE_INSECURE_REQUESTS] => 1
    [HTTP_CONNECTION] => close
    [HTTP_DNT] => 1
    [HTTP_COOKIE] => advanced-frontend=ufkt46lvs0n81o4fpo0l9eteh7; partner_id=05d196bd96fe9bf31d05294f40b8ce3b68731f09c37ef5ef8872a896f328e7d2a%3A2%3A%7Bi%3A0%3Bs%3A10%3A%22partner_id%22%3Bi%3A1%3Bi%3A165%3B%7D; _csrf-frontend=b7a7241c79f56c4c4484a5cb51d5f4955e176fe5ceb22e43658b33efdf690a4fa%3A2%3A%7Bi%3A0%3Bs%3A14%3A%22_csrf-frontend%22%3Bi%3A1%3Bs%3A32%3A%22%BAXE%FBp6%BB%FA%3D%FE%93%EFcs%06%E8%9C%7E%3A%B5%27%F2%13V%C3%04%A3%9C%9AK%EF%E8%22%3B%7D
    [CONTENT_LENGTH] => 484
    [CONTENT_TYPE] => application/x-www-form-urlencoded
    [HTTP_REFERER] => http://new.stockaccs.com/ru/buyakkaynt
    [HTTP_ACCEPT_ENCODING] => gzip, deflate
    [HTTP_ACCEPT_LANGUAGE] => en-US,ru;q=0.8,ru-RU;q=0.5,en;q=0.3
    [HTTP_ACCEPT] => text/html,application/xhtml+xml,application/xml;q=0.9,*/*;q=0.8
    [HTTP_USER_AGENT] => Mozilla/5.0 (Windows NT 10.0; Win64; x64; rv:59.0) Gecko/20100101 Firefox/59.0
    [HTTP_HOST] => new.stockaccs.com
    [SCRIPT_URI] => http://new.stockaccs.com/ru/pay
    [SCRIPT_URL] => /ru/pay
    [REDIRECT_STATUS] => 200
    [REDIRECT_SCRIPT_URI] => http://new.stockaccs.com/ru/pay
    [REDIRECT_SCRIPT_URL] => /ru/pay
    [REDIRECT_REDIRECT_STATUS] => 200
    [REDIRECT_REDIRECT_SCRIPT_URI] => http://new.stockaccs.com/ru/pay
    [REDIRECT_REDIRECT_SCRIPT_URL] => /ru/pay
    [FCGI_ROLE] => RESPONDER
    [PHP_SELF] => /frontend/web/index.php
    [REQUEST_TIME_FLOAT] => 1517313392.2755
    [REQUEST_TIME] => 1517313392
)
Array
(
    [_csrf-frontend] => 3NwjzUp07mcx2ZrcHvTpkPXPo4O5gHTm46Uv9uhvNvmX4ccgRqQnpA8rKhgnLLFBv_PhTa4Vh78ZoBtmUC96Pg==
    [BuyAccounts] => Array
        (
            [email] => xxx@xxx.com
            [pay_method] => Webmoney_RUB
            [promo_code] => 
            [accept_1] => 1
            [accept_2] => 1
            [productId] => 219
            [quantity] => 10
            [productName] => Яндекс
            [partner_id] => 0
        )

)
Array
(
    [PHPRC] => /home/new/fcgi-bin/../etc/php5
    [SCRIPT_FILENAME] => /home/new/public_html/frontend/web/index.php
    [PATH] => /usr/local/sbin:/usr/local/bin:/usr/sbin:/usr/bin:/sbin:/bin
    [PWD] => /home/new/fcgi-bin
    [SHLVL] => 0
    [PHP_FCGI_MAX_REQUESTS] => 99999
    [SCRIPT_NAME] => /frontend/web/index.php
    [REQUEST_URI] => /ru/pay
    [QUERY_STRING] => 
    [REQUEST_METHOD] => POST
    [SERVER_PROTOCOL] => HTTP/1.1
    [GATEWAY_INTERFACE] => CGI/1.1
    [REDIRECT_URL] => /frontend/web/ru/pay
    [REMOTE_PORT] => 60296
    [SERVER_ADMIN] => [no address given]
    [CONTEXT_DOCUMENT_ROOT] => /home/new/public_html
    [CONTEXT_PREFIX] => 
    [REQUEST_SCHEME] => http
    [DOCUMENT_ROOT] => /home/new/public_html
    [REMOTE_ADDR] => 178.150.239.95
    [SERVER_PORT] => 80
    [SERVER_ADDR] => 176.112.217.118
    [SERVER_NAME] => new.stockaccs.com
    [SERVER_SOFTWARE] => Apache/2.4.10
    [SERVER_SIGNATURE] => 
    [HTTP_UPGRADE_INSECURE_REQUESTS] => 1
    [HTTP_CONNECTION] => close
    [HTTP_DNT] => 1
    [HTTP_COOKIE] => advanced-frontend=0qujs3s90p49eip93tonqpk5q1; _csrf-frontend=023fc1a5de98b5c3482730de9555eabd0024e1e1cb92acffc5e7eeb8aa55880fa%3A2%3A%7Bi%3A0%3Bs%3A14%3A%22_csrf-frontend%22%3Bi%3A1%3Bs%3A32%3A%22K%3D%E4%ED%0C%D0%C9%C3%3E%F2%B0%C49%D8X%D1J%3CB%CE%17%95%F3Y%FA%054%90%B8%40L%C7%22%3B%7D
    [CONTENT_LENGTH] => 482
    [CONTENT_TYPE] => application/x-www-form-urlencoded
    [HTTP_REFERER] => http://new.stockaccs.com/ru/buyakkaynt
    [HTTP_ACCEPT_ENCODING] => gzip, deflate
    [HTTP_ACCEPT_LANGUAGE] => en-US,ru;q=0.8,ru-RU;q=0.5,en;q=0.3
    [HTTP_ACCEPT] => text/html,application/xhtml+xml,application/xml;q=0.9,*/*;q=0.8
    [HTTP_USER_AGENT] => Mozilla/5.0 (Windows NT 10.0; Win64; x64; rv:59.0) Gecko/20100101 Firefox/59.0
    [HTTP_HOST] => new.stockaccs.com
    [SCRIPT_URI] => http://new.stockaccs.com/ru/pay
    [SCRIPT_URL] => /ru/pay
    [REDIRECT_STATUS] => 200
    [REDIRECT_SCRIPT_URI] => http://new.stockaccs.com/ru/pay
    [REDIRECT_SCRIPT_URL] => /ru/pay
    [REDIRECT_REDIRECT_STATUS] => 200
    [REDIRECT_REDIRECT_SCRIPT_URI] => http://new.stockaccs.com/ru/pay
    [REDIRECT_REDIRECT_SCRIPT_URL] => /ru/pay
    [FCGI_ROLE] => RESPONDER
    [PHP_SELF] => /frontend/web/index.php
    [REQUEST_TIME_FLOAT] => 1517313442.6746
    [REQUEST_TIME] => 1517313442
)
